------------------------------------------------------------
Client connecting to 2003:0:1::2:1, UDP port 8001
Sending 1470 byte datagrams
UDP buffer size:  208 KByte (default)
------------------------------------------------------------
[  3] local 2003:0:1::1:1 port 47659 connected with 2003:0:1::2:1 port 8001
[ ID] Interval       Transfer     Bandwidth
[  3]  0.0- 1.0 sec   129 KBytes  1.06 Mbits/sec
[  3]  1.0- 2.0 sec   128 KBytes  1.05 Mbits/sec
[  3]  2.0- 3.0 sec   128 KBytes  1.05 Mbits/sec
[  3]  3.0- 4.0 sec   128 KBytes  1.05 Mbits/sec
[  3]  4.0- 5.0 sec   128 KBytes  1.05 Mbits/sec
[  3]  5.0- 6.0 sec   128 KBytes  1.05 Mbits/sec
[  3]  6.0- 7.0 sec   129 KBytes  1.06 Mbits/sec
[  3]  7.0- 8.0 sec   128 KBytes  1.05 Mbits/sec
[  3]  8.0- 9.0 sec   128 KBytes  1.05 Mbits/sec
[  3]  9.0-10.0 sec   128 KBytes  1.05 Mbits/sec
[  3]  0.0-10.0 sec  1.25 MBytes  1.05 Mbits/sec
[  3] Sent 893 datagrams
[  3] Server Report:
[  3]  0.0-10.0 sec  1.25 MBytes  1.05 Mbits/sec   0.024 ms    0/  893 (0%)
